c:\users\jakub\source\repos\consoleapplication3\consoleapplication3\x64\debug\vc143.pdb
c:\users\jakub\source\repos\consoleapplication3\consoleapplication3\x64\debug\vc143.idb
c:\users\jakub\source\repos\consoleapplication3\consoleapplication3\x64\debug\consoleapplication3.obj
c:\users\jakub\source\repos\statki\consoleapplication3\x64\debug\vc143.pdb
c:\users\jakub\source\repos\statki\consoleapplication3\x64\debug\vc143.idb
c:\users\jakub\source\repos\statki\consoleapplication3\x64\debug\ship.obj
c:\users\jakub\source\repos\statki\consoleapplication3\x64\debug\player.obj
c:\users\jakub\source\repos\statki\consoleapplication3\x64\debug\consoleapplication3.obj
c:\users\jakub\source\repos\consoleapplication3\x64\debug\consoleapplication3.exe
c:\users\jakub\source\repos\consoleapplication3\x64\debug\consoleapplication3.pdb
c:\users\jakub\source\repos\consoleapplication3\consoleapplication3\x64\debug\consoleapplication3.ilk
c:\users\jakub\source\repos\statki\consoleapplication3\x64\debug\consoleapplication3.ilk
c:\users\jakub\source\repos\statki\x64\debug\consoleapplication3.pdb
c:\users\jakub\source\repos\statki\x64\debug\consoleapplication3.exe
c:\users\jakub\source\repos\statki\consoleapplication3\x64\debug\consolea.9352999b.tlog\cl.command.1.tlog
c:\users\jakub\source\repos\statki\consoleapplication3\x64\debug\consolea.9352999b.tlog\cl.items.tlog
c:\users\jakub\source\repos\statki\consoleapplication3\x64\debug\consolea.9352999b.tlog\cl.read.1.tlog
c:\users\jakub\source\repos\statki\consoleapplication3\x64\debug\consolea.9352999b.tlog\cl.write.1.tlog
c:\users\jakub\source\repos\statki\consoleapplication3\x64\debug\consolea.9352999b.tlog\link.command.1.tlog
c:\users\jakub\source\repos\statki\consoleapplication3\x64\debug\consolea.9352999b.tlog\link.read.1.tlog
c:\users\jakub\source\repos\statki\consoleapplication3\x64\debug\consolea.9352999b.tlog\link.secondary.1.tlog
c:\users\jakub\source\repos\statki\consoleapplication3\x64\debug\consolea.9352999b.tlog\link.write.1.tlog
